<?xml version="1.0" encoding="UTF-8"?>
<testsuite xmlns:xsi="http://www.w3.org/2001/XMLSchema-instance" xsi:noNamespaceSchemaLocation="https://maven.apache.org/surefire/maven-surefire-plugin/xsd/surefire-test-report-3.0.xsd" version="3.0" name="crux.CompilerStageTests" time="667.763" tests="50" errors="15" skipped="0" failures="33">
  <properties>
[...]
</properties>
  <testcase name="codegen" classname="crux.CompilerStageTests" time="0.188"/>
  <testcase name="codegen" classname="crux.CompilerStageTests" time="0.034">
    <error type="java.util.concurrent.ExecutionException"><![CDATA[java.util.concurrent.ExecutionException: java.lang.Error: Assembling and linking failed
	at crux.CompilerStageTests.lambda$codegen$9(CompilerStageTests.java:290)
Caused by: java.lang.Error: Assembling and linking failed
]]></error>
  </testcase>
  <testcase name="codegen" classname="crux.CompilerStageTests" time="0.018">
    <error type="java.util.concurrent.ExecutionException"><![CDATA[java.util.concurrent.ExecutionException: java.lang.Error: Assembling and linking failed
	at crux.CompilerStageTests.lambda$codegen$9(CompilerStageTests.java:290)
Caused by: java.lang.Error: Assembling and linking failed
]]></error>
  </testcase>
  <testcase name="codegen" classname="crux.CompilerStageTests" time="0.021">
    <error type="java.util.concurrent.ExecutionException"><![CDATA[java.util.concurrent.ExecutionException: java.lang.Error: Assembling and linking failed
	at crux.CompilerStageTests.lambda$codegen$9(CompilerStageTests.java:290)
Caused by: java.lang.Error: Assembling and linking failed
]]></error>
  </testcase>
  <testcase name="codegen" classname="crux.CompilerStageTests" time="0.173"/>
  <testcase name="codegen" classname="crux.CompilerStageTests" time="0.019">
    <error type="java.util.concurrent.ExecutionException"><![CDATA[java.util.concurrent.ExecutionException: java.lang.Error: Assembling and linking failed
	at crux.CompilerStageTests.lambda$codegen$9(CompilerStageTests.java:290)
Caused by: java.lang.Error: Assembling and linking failed
]]></error>
  </testcase>
  <testcase name="codegen" classname="crux.CompilerStageTests" time="0.017">
    <error type="java.util.concurrent.ExecutionException"><![CDATA[java.util.concurrent.ExecutionException: java.lang.Error: Assembling and linking failed
	at crux.CompilerStageTests.lambda$codegen$9(CompilerStageTests.java:290)
Caused by: java.lang.Error: Assembling and linking failed
]]></error>
  </testcase>
  <testcase name="codegen" classname="crux.CompilerStageTests" time="0.017">
    <error type="java.util.concurrent.ExecutionException"><![CDATA[java.util.concurrent.ExecutionException: java.lang.Error: Assembling and linking failed
	at crux.CompilerStageTests.lambda$codegen$9(CompilerStageTests.java:290)
Caused by: java.lang.Error: Assembling and linking failed
]]></error>
  </testcase>
  <testcase name="codegen" classname="crux.CompilerStageTests" time="0.017">
    <error type="java.util.concurrent.ExecutionException"><![CDATA[java.util.concurrent.ExecutionException: java.lang.Error: Assembling and linking failed
	at crux.CompilerStageTests.lambda$codegen$9(CompilerStageTests.java:290)
Caused by: java.lang.Error: Assembling and linking failed
]]></error>
  </testcase>
  <testcase name="codegen" classname="crux.CompilerStageTests" time="0.019">
    <error type="java.util.concurrent.ExecutionException"><![CDATA[java.util.concurrent.ExecutionException: java.lang.Error: Assembling and linking failed
	at crux.CompilerStageTests.lambda$codegen$9(CompilerStageTests.java:290)
Caused by: java.lang.Error: Assembling and linking failed
]]></error>
  </testcase>
  <testcase name="codegen" classname="crux.CompilerStageTests" time="0.073">
    <error type="java.util.concurrent.ExecutionException"><![CDATA[java.util.concurrent.ExecutionException: java.lang.Error: Assembling and linking failed
	at crux.CompilerStageTests.lambda$codegen$9(CompilerStageTests.java:290)
Caused by: java.lang.Error: Assembling and linking failed
]]></error>
  </testcase>
  <testcase name="codegen" classname="crux.CompilerStageTests" time="0.019">
    <error type="java.util.concurrent.ExecutionException"><![CDATA[java.util.concurrent.ExecutionException: java.lang.Error: Assembling and linking failed
	at crux.CompilerStageTests.lambda$codegen$9(CompilerStageTests.java:290)
Caused by: java.lang.Error: Assembling and linking failed
]]></error>
  </testcase>
  <testcase name="codegen" classname="crux.CompilerStageTests" time="0.016">
    <error type="java.util.concurrent.ExecutionException"><![CDATA[java.util.concurrent.ExecutionException: java.lang.Error: Assembling and linking failed
	at crux.CompilerStageTests.lambda$codegen$9(CompilerStageTests.java:290)
Caused by: java.lang.Error: Assembling and linking failed
]]></error>
  </testcase>
  <testcase name="codegen" classname="crux.CompilerStageTests" time="0.016">
    <error type="java.util.concurrent.ExecutionException"><![CDATA[java.util.concurrent.ExecutionException: java.lang.Error: Assembling and linking failed
	at crux.CompilerStageTests.lambda$codegen$9(CompilerStageTests.java:290)
Caused by: java.lang.Error: Assembling and linking failed
]]></error>
  </testcase>
  <testcase name="codegen" classname="crux.CompilerStageTests" time="0.016">
    <error type="java.util.concurrent.ExecutionException"><![CDATA[java.util.concurrent.ExecutionException: java.lang.Error: Assembling and linking failed
	at crux.CompilerStageTests.lambda$codegen$9(CompilerStageTests.java:290)
Caused by: java.lang.Error: Assembling and linking failed
]]></error>
  </testcase>
  <testcase name="codegen" classname="crux.CompilerStageTests" time="0.018">
    <error type="java.util.concurrent.ExecutionException"><![CDATA[java.util.concurrent.ExecutionException: java.lang.Error: Assembling and linking failed
	at crux.CompilerStageTests.lambda$codegen$9(CompilerStageTests.java:290)
Caused by: java.lang.Error: Assembling and linking failed
]]></error>
  </testcase>
  <testcase name="codegen" classname="crux.CompilerStageTests" time="20.001">
    <failure type="org.opentest4j.AssertionFailedError"><![CDATA[org.opentest4j.AssertionFailedError: Timeout for CodeGen for program crux/stages/codegen/test17.crx.
	at crux.CompilerStageTests.lambda$codegen$9(CompilerStageTests.java:295)
]]></failure>
  </testcase>
  <testcase name="codegen" classname="crux.CompilerStageTests" time="20.001">
    <failure type="org.opentest4j.AssertionFailedError"><![CDATA[org.opentest4j.AssertionFailedError: Timeout for CodeGen for program crux/stages/codegen/test18.crx.
	at crux.CompilerStageTests.lambda$codegen$9(CompilerStageTests.java:295)
]]></failure>
  </testcase>
  <testcase name="codegen" classname="crux.CompilerStageTests" time="20">
    <failure type="org.opentest4j.AssertionFailedError"><![CDATA[org.opentest4j.AssertionFailedError: Timeout for CodeGen for program crux/stages/codegen/test19.crx.
	at crux.CompilerStageTests.lambda$codegen$9(CompilerStageTests.java:295)
]]></failure>
  </testcase>
  <testcase name="codegen" classname="crux.CompilerStageTests" time="20">
    <failure type="org.opentest4j.AssertionFailedError"><![CDATA[org.opentest4j.AssertionFailedError: Timeout for CodeGen for program crux/stages/codegen/test20.crx.
	at crux.CompilerStageTests.lambda$codegen$9(CompilerStageTests.java:295)
]]></failure>
  </testcase>
  <testcase name="codegen" classname="crux.CompilerStageTests" time="20.001">
    <failure type="org.opentest4j.AssertionFailedError"><![CDATA[org.opentest4j.AssertionFailedError: Timeout for CodeGen for program crux/stages/codegen/test21.crx.
	at crux.CompilerStageTests.lambda$codegen$9(CompilerStageTests.java:295)
]]></failure>
  </testcase>
  <testcase name="codegen" classname="crux.CompilerStageTests" time="20.001">
    <failure type="org.opentest4j.AssertionFailedError"><![CDATA[org.opentest4j.AssertionFailedError: Timeout for CodeGen for program crux/stages/codegen/test22.crx.
	at crux.CompilerStageTests.lambda$codegen$9(CompilerStageTests.java:295)
]]></failure>
  </testcase>
  <testcase name="codegen" classname="crux.CompilerStageTests" time="20.001">
    <failure type="org.opentest4j.AssertionFailedError"><![CDATA[org.opentest4j.AssertionFailedError: Timeout for CodeGen for program crux/stages/codegen/test23.crx.
	at crux.CompilerStageTests.lambda$codegen$9(CompilerStageTests.java:295)
]]></failure>
  </testcase>
  <testcase name="codegen" classname="crux.CompilerStageTests" time="20.001">
    <failure type="org.opentest4j.AssertionFailedError"><![CDATA[org.opentest4j.AssertionFailedError: Timeout for CodeGen for program crux/stages/codegen/test24.crx.
	at crux.CompilerStageTests.lambda$codegen$9(CompilerStageTests.java:295)
]]></failure>
  </testcase>
  <testcase name="codegen" classname="crux.CompilerStageTests" time="20.001">
    <failure type="org.opentest4j.AssertionFailedError"><![CDATA[org.opentest4j.AssertionFailedError: Timeout for CodeGen for program crux/stages/codegen/test25.crx.
	at crux.CompilerStageTests.lambda$codegen$9(CompilerStageTests.java:295)
]]></failure>
  </testcase>
  <testcase name="codegen" classname="crux.CompilerStageTests" time="20.001">
    <failure type="org.opentest4j.AssertionFailedError"><![CDATA[org.opentest4j.AssertionFailedError: Timeout for CodeGen for program crux/stages/codegen/test26.crx.
	at crux.CompilerStageTests.lambda$codegen$9(CompilerStageTests.java:295)
]]></failure>
  </testcase>
  <testcase name="codegen" classname="crux.CompilerStageTests" time="20.001">
    <failure type="org.opentest4j.AssertionFailedError"><![CDATA[org.opentest4j.AssertionFailedError: Timeout for CodeGen for program crux/stages/codegen/test27.crx.
	at crux.CompilerStageTests.lambda$codegen$9(CompilerStageTests.java:295)
]]></failure>
  </testcase>
  <testcase name="codegen" classname="crux.CompilerStageTests" time="20.001">
    <failure type="org.opentest4j.AssertionFailedError"><![CDATA[org.opentest4j.AssertionFailedError: Timeout for CodeGen for program crux/stages/codegen/test28.crx.
	at crux.CompilerStageTests.lambda$codegen$9(CompilerStageTests.java:295)
]]></failure>
  </testcase>
  <testcase name="codegen" classname="crux.CompilerStageTests" time="20.001">
    <failure type="org.opentest4j.AssertionFailedError"><![CDATA[org.opentest4j.AssertionFailedError: Timeout for CodeGen for program crux/stages/codegen/test29.crx.
	at crux.CompilerStageTests.lambda$codegen$9(CompilerStageTests.java:295)
]]></failure>
  </testcase>
  <testcase name="codegen" classname="crux.CompilerStageTests" time="20.001">
    <failure type="org.opentest4j.AssertionFailedError"><![CDATA[org.opentest4j.AssertionFailedError: Timeout for CodeGen for program crux/stages/codegen/test30.crx.
	at crux.CompilerStageTests.lambda$codegen$9(CompilerStageTests.java:295)
]]></failure>
  </testcase>
  <testcase name="codegen" classname="crux.CompilerStageTests" time="20.001">
    <failure type="org.opentest4j.AssertionFailedError"><![CDATA[org.opentest4j.AssertionFailedError: Timeout for CodeGen for program crux/stages/codegen/test31.crx.
	at crux.CompilerStageTests.lambda$codegen$9(CompilerStageTests.java:295)
]]></failure>
  </testcase>
  <testcase name="codegen" classname="crux.CompilerStageTests" time="20.016">
    <failure type="org.opentest4j.AssertionFailedError"><![CDATA[org.opentest4j.AssertionFailedError: Timeout for CodeGen for program crux/stages/codegen/test32.crx.
	at crux.CompilerStageTests.lambda$codegen$9(CompilerStageTests.java:295)
]]></failure>
  </testcase>
  <testcase name="codegen" classname="crux.CompilerStageTests" time="20.005">
    <failure type="org.opentest4j.AssertionFailedError"><![CDATA[org.opentest4j.AssertionFailedError: Timeout for CodeGen for program crux/stages/codegen/test33.crx.
	at crux.CompilerStageTests.lambda$codegen$9(CompilerStageTests.java:295)
]]></failure>
  </testcase>
  <testcase name="codegen" classname="crux.CompilerStageTests" time="20.007">
    <failure type="org.opentest4j.AssertionFailedError"><![CDATA[org.opentest4j.AssertionFailedError: Timeout for CodeGen for program crux/stages/codegen/test34.crx.
	at crux.CompilerStageTests.lambda$codegen$9(CompilerStageTests.java:295)
]]></failure>
  </testcase>
  <testcase name="codegen" classname="crux.CompilerStageTests" time="6.823">
    <error type="java.util.concurrent.ExecutionException"><![CDATA[java.util.concurrent.ExecutionException: java.lang.Error: Assembling and linking failed
	at crux.CompilerStageTests.lambda$codegen$9(CompilerStageTests.java:290)
Caused by: java.lang.Error: Assembling and linking failed
]]></error>
  </testcase>
  <testcase name="codegen" classname="crux.CompilerStageTests" time="20.002">
    <failure type="org.opentest4j.AssertionFailedError"><![CDATA[org.opentest4j.AssertionFailedError: Timeout for CodeGen for program crux/stages/codegen/test36.crx.
	at crux.CompilerStageTests.lambda$codegen$9(CompilerStageTests.java:295)
]]></failure>
  </testcase>
  <testcase name="codegen" classname="crux.CompilerStageTests" time="20.002">
    <failure type="org.opentest4j.AssertionFailedError"><![CDATA[org.opentest4j.AssertionFailedError: Timeout for CodeGen for program crux/stages/codegen/test37.crx.
	at crux.CompilerStageTests.lambda$codegen$9(CompilerStageTests.java:295)
]]></failure>
  </testcase>
  <testcase name="codegen" classname="crux.CompilerStageTests" time="20.001">
    <failure type="org.opentest4j.AssertionFailedError"><![CDATA[org.opentest4j.AssertionFailedError: Timeout for CodeGen for program crux/stages/codegen/test38.crx.
	at crux.CompilerStageTests.lambda$codegen$9(CompilerStageTests.java:295)
]]></failure>
  </testcase>
  <testcase name="codegen" classname="crux.CompilerStageTests" time="20.002">
    <failure type="org.opentest4j.AssertionFailedError"><![CDATA[org.opentest4j.AssertionFailedError: Timeout for CodeGen for program crux/stages/codegen/test39.crx.
	at crux.CompilerStageTests.lambda$codegen$9(CompilerStageTests.java:295)
]]></failure>
  </testcase>
  <testcase name="codegen" classname="crux.CompilerStageTests" time="20.001">
    <failure type="org.opentest4j.AssertionFailedError"><![CDATA[org.opentest4j.AssertionFailedError: Timeout for CodeGen for program crux/stages/codegen/test40.crx.
	at crux.CompilerStageTests.lambda$codegen$9(CompilerStageTests.java:295)
]]></failure>
  </testcase>
  <testcase name="codegen" classname="crux.CompilerStageTests" time="20.001">
    <failure type="org.opentest4j.AssertionFailedError"><![CDATA[org.opentest4j.AssertionFailedError: Timeout for CodeGen for program crux/stages/codegen/test41.crx.
	at crux.CompilerStageTests.lambda$codegen$9(CompilerStageTests.java:295)
]]></failure>
  </testcase>
  <testcase name="codegen" classname="crux.CompilerStageTests" time="20.002">
    <failure type="org.opentest4j.AssertionFailedError"><![CDATA[org.opentest4j.AssertionFailedError: Timeout for CodeGen for program crux/stages/codegen/test42.crx.
	at crux.CompilerStageTests.lambda$codegen$9(CompilerStageTests.java:295)
]]></failure>
  </testcase>
  <testcase name="codegen" classname="crux.CompilerStageTests" time="20.001">
    <failure type="org.opentest4j.AssertionFailedError"><![CDATA[org.opentest4j.AssertionFailedError: Timeout for CodeGen for program crux/stages/codegen/test43.crx.
	at crux.CompilerStageTests.lambda$codegen$9(CompilerStageTests.java:295)
]]></failure>
  </testcase>
  <testcase name="codegen" classname="crux.CompilerStageTests" time="20.001">
    <failure type="org.opentest4j.AssertionFailedError"><![CDATA[org.opentest4j.AssertionFailedError: Timeout for CodeGen for program crux/stages/codegen/test44.crx.
	at crux.CompilerStageTests.lambda$codegen$9(CompilerStageTests.java:295)
]]></failure>
  </testcase>
  <testcase name="codegen" classname="crux.CompilerStageTests" time="20.001">
    <failure type="org.opentest4j.AssertionFailedError"><![CDATA[org.opentest4j.AssertionFailedError: Timeout for CodeGen for program crux/stages/codegen/test45.crx.
	at crux.CompilerStageTests.lambda$codegen$9(CompilerStageTests.java:295)
]]></failure>
  </testcase>
  <testcase name="codegen" classname="crux.CompilerStageTests" time="20.001">
    <failure type="org.opentest4j.AssertionFailedError"><![CDATA[org.opentest4j.AssertionFailedError: Timeout for CodeGen for program crux/stages/codegen/test46.crx.
	at crux.CompilerStageTests.lambda$codegen$9(CompilerStageTests.java:295)
]]></failure>
  </testcase>
  <testcase name="codegen" classname="crux.CompilerStageTests" time="20.002">
    <failure type="org.opentest4j.AssertionFailedError"><![CDATA[org.opentest4j.AssertionFailedError: Timeout for CodeGen for program crux/stages/codegen/test47.crx.
	at crux.CompilerStageTests.lambda$codegen$9(CompilerStageTests.java:295)
]]></failure>
  </testcase>
  <testcase name="codegen" classname="crux.CompilerStageTests" time="20.001">
    <failure type="org.opentest4j.AssertionFailedError"><![CDATA[org.opentest4j.AssertionFailedError: Timeout for CodeGen for program crux/stages/codegen/test48.crx.
	at crux.CompilerStageTests.lambda$codegen$9(CompilerStageTests.java:295)
]]></failure>
  </testcase>
  <testcase name="codegen" classname="crux.CompilerStageTests" time="20.002">
    <failure type="org.opentest4j.AssertionFailedError"><![CDATA[org.opentest4j.AssertionFailedError: Timeout for CodeGen for program crux/stages/codegen/test49.crx.
	at crux.CompilerStageTests.lambda$codegen$9(CompilerStageTests.java:295)
]]></failure>
  </testcase>
  <testcase name="codegen" classname="crux.CompilerStageTests" time="20">
    <failure type="org.opentest4j.AssertionFailedError"><![CDATA[org.opentest4j.AssertionFailedError: Timeout for CodeGen for program crux/stages/codegen/test50.crx.
	at crux.CompilerStageTests.lambda$codegen$9(CompilerStageTests.java:295)
]]></failure>
  </testcase>
</testsuite>