<?xml version="1.0" encoding="UTF-8"?>
<testsuite xmlns:xsi="http://www.w3.org/2001/XMLSchema-instance" xsi:noNamespaceSchemaLocation="https://maven.apache.org/surefire/maven-surefire-plugin/xsd/surefire-test-report-3.0.xsd" version="3.0" name="crux.CompilerStageTests" time="667.763" tests="50" errors="15" skipped="0" failures="33">
  <properties>
    <property name="java.specification.version" value="17"/>
    <property name="sun.jnu.encoding" value="UTF-8"/>
    <property name="insight.home" value="/home/lucius/.jdks/graalvm-jdk-17.0.11/tools/insight"/>
    <property name="java.class.path" value="/home/lucius/cs142/crux/target/test-classes:/home/lucius/cs142/crux/target/classes:/home/lucius/.m2/repository/org/antlr/antlr4-runtime/4.7.2/antlr4-runtime-4.7.2.jar:/home/lucius/.m2/repository/org/junit/jupiter/junit-jupiter-api/5.5.2/junit-jupiter-api-5.5.2.jar:/home/lucius/.m2/repository/org/apiguardian/apiguardian-api/1.1.0/apiguardian-api-1.1.0.jar:/home/lucius/.m2/repository/org/opentest4j/opentest4j/1.2.0/opentest4j-1.2.0.jar:/home/lucius/.m2/repository/org/junit/platform/junit-platform-commons/1.5.2/junit-platform-commons-1.5.2.jar:/home/lucius/.m2/repository/org/junit/jupiter/junit-jupiter-engine/5.5.2/junit-jupiter-engine-5.5.2.jar:/home/lucius/.m2/repository/org/junit/platform/junit-platform-engine/1.5.2/junit-platform-engine-1.5.2.jar:"/>
    <property name="java.vm.vendor" value="Oracle Corporation"/>
    <property name="sun.arch.data.model" value="64"/>
    <property name="org.graalvm.version" value="23.0.4"/>
    <property name="java.vendor.url" value="https://java.oracle.com/"/>
    <property name="user.timezone" value="America/Los_Angeles"/>
    <property name="org.graalvm.tool.insightheap.home" value="/home/lucius/.jdks/graalvm-jdk-17.0.11/tools/insightheap"/>
    <property name="java.vm.specification.version" value="17"/>
    <property name="os.name" value="Linux"/>
    <property name="org.graalvm.tool.chromeinspector.home" value="/home/lucius/.jdks/graalvm-jdk-17.0.11/tools/chromeinspector"/>
    <property name="sun.java.launcher" value="SUN_STANDARD"/>
    <property name="nfi.home" value="/home/lucius/.jdks/graalvm-jdk-17.0.11/languages/nfi"/>
    <property name="sun.boot.library.path" value="/home/lucius/.jdks/graalvm-jdk-17.0.11/lib"/>
    <property name="sun.java.command" value="/home/lucius/cs142/crux/target/surefire/surefirebooter4564380373165711137.jar /home/lucius/cs142/crux/target/surefire 2024-05-31T22-55-09_711-jvmRun1 surefire14187395110648546853tmp surefire_014180161493943651178tmp"/>
    <property name="jdk.debug" value="release"/>
    <property name="surefire.test.class.path" value="/home/lucius/cs142/crux/target/test-classes:/home/lucius/cs142/crux/target/classes:/home/lucius/.m2/repository/org/antlr/antlr4-runtime/4.7.2/antlr4-runtime-4.7.2.jar:/home/lucius/.m2/repository/org/junit/jupiter/junit-jupiter-api/5.5.2/junit-jupiter-api-5.5.2.jar:/home/lucius/.m2/repository/org/apiguardian/apiguardian-api/1.1.0/apiguardian-api-1.1.0.jar:/home/lucius/.m2/repository/org/opentest4j/opentest4j/1.2.0/opentest4j-1.2.0.jar:/home/lucius/.m2/repository/org/junit/platform/junit-platform-commons/1.5.2/junit-platform-commons-1.5.2.jar:/home/lucius/.m2/repository/org/junit/jupiter/junit-jupiter-engine/5.5.2/junit-jupiter-engine-5.5.2.jar:/home/lucius/.m2/repository/org/junit/platform/junit-platform-engine/1.5.2/junit-platform-engine-1.5.2.jar:"/>
    <property name="sun.cpu.endian" value="little"/>
    <property name="org.graalvm.tool.sandbox.home" value="/home/lucius/.jdks/graalvm-jdk-17.0.11/tools/sandbox"/>
    <property name="user.home" value="/home/lucius"/>
    <property name="user.language" value="en"/>
    <property name="lsp.home" value="/home/lucius/.jdks/graalvm-jdk-17.0.11/tools/lsp"/>
    <property name="java.specification.vendor" value="Oracle Corporation"/>
    <property name="nfi-libffi.home" value="/home/lucius/.jdks/graalvm-jdk-17.0.11/languages/nfi-libffi"/>
    <property name="org.graalvm.tool.coverage.home" value="/home/lucius/.jdks/graalvm-jdk-17.0.11/tools/coverage"/>
    <property name="java.version.date" value="2024-04-16"/>
    <property name="java.home" value="/home/lucius/.jdks/graalvm-jdk-17.0.11"/>
    <property name="org.graalvm.tool.lsp.home" value="/home/lucius/.jdks/graalvm-jdk-17.0.11/tools/lsp"/>
    <property name="file.separator" value="/"/>
    <property name="basedir" value="/home/lucius/cs142/crux"/>
    <property name="java.vm.compressedOopsMode" value="Zero based"/>
    <property name="jdk.internal.vm.ci.enabled" value="true"/>
    <property name="line.separator" value="&#10;"/>
    <property name="coverage.home" value="/home/lucius/.jdks/graalvm-jdk-17.0.11/tools/coverage"/>
    <property name="java.vm.specification.vendor" value="Oracle Corporation"/>
    <property name="java.specification.name" value="Java Platform API Specification"/>
    <property name="chromeinspector.home" value="/home/lucius/.jdks/graalvm-jdk-17.0.11/tools/chromeinspector"/>
    <property name="org.graalvm.tool.profiler.home" value="/home/lucius/.jdks/graalvm-jdk-17.0.11/tools/profiler"/>
    <property name="surefire.real.class.path" value="/home/lucius/cs142/crux/target/surefire/surefirebooter4564380373165711137.jar"/>
    <property name="sun.management.compiler" value="HotSpot 64-Bit Tiered Compilers"/>
    <property name="profiler.home" value="/home/lucius/.jdks/graalvm-jdk-17.0.11/tools/profiler"/>
    <property name="java.runtime.version" value="17.0.11+7-LTS-jvmci-23.0-b34"/>
    <property name="user.name" value="lucius"/>
    <property name="path.separator" value=":"/>
    <property name="os.version" value="5.15.146.1-microsoft-standard-WSL2"/>
    <property name="java.runtime.name" value="Java(TM) SE Runtime Environment"/>
    <property name="dap.home" value="/home/lucius/.jdks/graalvm-jdk-17.0.11/tools/dap"/>
    <property name="file.encoding" value="UTF-8"/>
    <property name="insightheap.home" value="/home/lucius/.jdks/graalvm-jdk-17.0.11/tools/insightheap"/>
    <property name="java.vm.name" value="Java HotSpot(TM) 64-Bit Server VM"/>
    <property name="org.graalvm.tool.insight.home" value="/home/lucius/.jdks/graalvm-jdk-17.0.11/tools/insight"/>
    <property name="java.vendor.version" value="Oracle GraalVM 17.0.11+7.1"/>
    <property name="maven.ext.class.path" value="/mnt/c/Program Files/JetBrains/IntelliJ IDEA Community Edition 2024.1/plugins/maven/lib/maven-event-listener.jar"/>
    <property name="localRepository" value="/home/lucius/.m2/repository"/>
    <property name="java.vendor.url.bug" value="https://bugreport.java.com/bugreport/"/>
    <property name="java.io.tmpdir" value="/tmp"/>
    <property name="sandbox.home" value="/home/lucius/.jdks/graalvm-jdk-17.0.11/tools/sandbox"/>
    <property name="java.version" value="17.0.11"/>
    <property name="user.dir" value="/home/lucius/cs142/crux"/>
    <property name="os.arch" value="amd64"/>
    <property name="java.vm.specification.name" value="Java Virtual Machine Specification"/>
    <property name="org.graalvm.tool.dap.home" value="/home/lucius/.jdks/graalvm-jdk-17.0.11/tools/dap"/>
    <property name="native.encoding" value="UTF-8"/>
    <property name="java.library.path" value="/usr/java/packages/lib:/usr/lib64:/lib64:/lib:/usr/lib"/>
    <property name="java.vm.info" value="mixed mode, sharing"/>
    <property name="java.vendor" value="Oracle Corporation"/>
    <property name="java.vm.version" value="17.0.11+7-LTS-jvmci-23.0-b34"/>
    <property name="sun.io.unicode.encoding" value="UnicodeLittle"/>
    <property name="org.graalvm.home" value="/home/lucius/.jdks/graalvm-jdk-17.0.11"/>
    <property name="org.graalvm.language.nfi-libffi.home" value="/home/lucius/.jdks/graalvm-jdk-17.0.11/languages/nfi-libffi"/>
    <property name="java.class.version" value="61.0"/>
    <property name="org.graalvm.language.nfi.home" value="/home/lucius/.jdks/graalvm-jdk-17.0.11/languages/nfi"/>
  </properties>
  <testcase name="codegen" classname="crux.CompilerStageTests" time="0.188"/>
  <testcase name="codegen" classname="crux.CompilerStageTests" time="0.034">
    <error type="java.util.concurrent.ExecutionException"><![CDATA[java.util.concurrent.ExecutionException: java.lang.Error: Assembling and linking failed
	at crux.CompilerStageTests.lambda$codegen$9(CompilerStageTests.java:290)
Caused by: java.lang.Error: Assembling and linking failed
]]></error>
  </testcase>
  <testcase name="codegen" classname="crux.CompilerStageTests" time="0.018">
    <error type="java.util.concurrent.ExecutionException"><![CDATA[java.util.concurrent.ExecutionException: java.lang.Error: Assembling and linking failed
	at crux.CompilerStageTests.lambda$codegen$9(CompilerStageTests.java:290)
Caused by: java.lang.Error: Assembling and linking failed
]]></error>
  </testcase>
  <testcase name="codegen" classname="crux.CompilerStageTests" time="0.021">
    <error type="java.util.concurrent.ExecutionException"><![CDATA[java.util.concurrent.ExecutionException: java.lang.Error: Assembling and linking failed
	at crux.CompilerStageTests.lambda$codegen$9(CompilerStageTests.java:290)
Caused by: java.lang.Error: Assembling and linking failed
]]></error>
  </testcase>
  <testcase name="codegen" classname="crux.CompilerStageTests" time="0.173"/>
  <testcase name="codegen" classname="crux.CompilerStageTests" time="0.019">
    <error type="java.util.concurrent.ExecutionException"><![CDATA[java.util.concurrent.ExecutionException: java.lang.Error: Assembling and linking failed
	at crux.CompilerStageTests.lambda$codegen$9(CompilerStageTests.java:290)
Caused by: java.lang.Error: Assembling and linking failed
]]></error>
  </testcase>
  <testcase name="codegen" classname="crux.CompilerStageTests" time="0.017">
    <error type="java.util.concurrent.ExecutionException"><![CDATA[java.util.concurrent.ExecutionException: java.lang.Error: Assembling and linking failed
	at crux.CompilerStageTests.lambda$codegen$9(CompilerStageTests.java:290)
Caused by: java.lang.Error: Assembling and linking failed
]]></error>
  </testcase>
  <testcase name="codegen" classname="crux.CompilerStageTests" time="0.017">
    <error type="java.util.concurrent.ExecutionException"><![CDATA[java.util.concurrent.ExecutionException: java.lang.Error: Assembling and linking failed
	at crux.CompilerStageTests.lambda$codegen$9(CompilerStageTests.java:290)
Caused by: java.lang.Error: Assembling and linking failed
]]></error>
  </testcase>
  <testcase name="codegen" classname="crux.CompilerStageTests" time="0.017">
    <error type="java.util.concurrent.ExecutionException"><![CDATA[java.util.concurrent.ExecutionException: java.lang.Error: Assembling and linking failed
	at crux.CompilerStageTests.lambda$codegen$9(CompilerStageTests.java:290)
Caused by: java.lang.Error: Assembling and linking failed
]]></error>
  </testcase>
  <testcase name="codegen" classname="crux.CompilerStageTests" time="0.019">
    <error type="java.util.concurrent.ExecutionException"><![CDATA[java.util.concurrent.ExecutionException: java.lang.Error: Assembling and linking failed
	at crux.CompilerStageTests.lambda$codegen$9(CompilerStageTests.java:290)
Caused by: java.lang.Error: Assembling and linking failed
]]></error>
  </testcase>
  <testcase name="codegen" classname="crux.CompilerStageTests" time="0.073">
    <error type="java.util.concurrent.ExecutionException"><![CDATA[java.util.concurrent.ExecutionException: java.lang.Error: Assembling and linking failed
	at crux.CompilerStageTests.lambda$codegen$9(CompilerStageTests.java:290)
Caused by: java.lang.Error: Assembling and linking failed
]]></error>
  </testcase>
  <testcase name="codegen" classname="crux.CompilerStageTests" time="0.019">
    <error type="java.util.concurrent.ExecutionException"><![CDATA[java.util.concurrent.ExecutionException: java.lang.Error: Assembling and linking failed
	at crux.CompilerStageTests.lambda$codegen$9(CompilerStageTests.java:290)
Caused by: java.lang.Error: Assembling and linking failed
]]></error>
  </testcase>
  <testcase name="codegen" classname="crux.CompilerStageTests" time="0.016">
    <error type="java.util.concurrent.ExecutionException"><![CDATA[java.util.concurrent.ExecutionException: java.lang.Error: Assembling and linking failed
	at crux.CompilerStageTests.lambda$codegen$9(CompilerStageTests.java:290)
Caused by: java.lang.Error: Assembling and linking failed
]]></error>
  </testcase>
  <testcase name="codegen" classname="crux.CompilerStageTests" time="0.016">
    <error type="java.util.concurrent.ExecutionException"><![CDATA[java.util.concurrent.ExecutionException: java.lang.Error: Assembling and linking failed
	at crux.CompilerStageTests.lambda$codegen$9(CompilerStageTests.java:290)
Caused by: java.lang.Error: Assembling and linking failed
]]></error>
  </testcase>
  <testcase name="codegen" classname="crux.CompilerStageTests" time="0.016">
    <error type="java.util.concurrent.ExecutionException"><![CDATA[java.util.concurrent.ExecutionException: java.lang.Error: Assembling and linking failed
	at crux.CompilerStageTests.lambda$codegen$9(CompilerStageTests.java:290)
Caused by: java.lang.Error: Assembling and linking failed
]]></error>
  </testcase>
  <testcase name="codegen" classname="crux.CompilerStageTests" time="0.018">
    <error type="java.util.concurrent.ExecutionException"><![CDATA[java.util.concurrent.ExecutionException: java.lang.Error: Assembling and linking failed
	at crux.CompilerStageTests.lambda$codegen$9(CompilerStageTests.java:290)
Caused by: java.lang.Error: Assembling and linking failed
]]></error>
  </testcase>
  <testcase name="codegen" classname="crux.CompilerStageTests" time="20.001">
    <failure type="org.opentest4j.AssertionFailedError"><![CDATA[org.opentest4j.AssertionFailedError: Timeout for CodeGen for program crux/stages/codegen/test17.crx.
	at crux.CompilerStageTests.lambda$codegen$9(CompilerStageTests.java:295)
]]></failure>
  </testcase>
  <testcase name="codegen" classname="crux.CompilerStageTests" time="20.001">
    <failure type="org.opentest4j.AssertionFailedError"><![CDATA[org.opentest4j.AssertionFailedError: Timeout for CodeGen for program crux/stages/codegen/test18.crx.
	at crux.CompilerStageTests.lambda$codegen$9(CompilerStageTests.java:295)
]]></failure>
  </testcase>
  <testcase name="codegen" classname="crux.CompilerStageTests" time="20">
    <failure type="org.opentest4j.AssertionFailedError"><![CDATA[org.opentest4j.AssertionFailedError: Timeout for CodeGen for program crux/stages/codegen/test19.crx.
	at crux.CompilerStageTests.lambda$codegen$9(CompilerStageTests.java:295)
]]></failure>
  </testcase>
  <testcase name="codegen" classname="crux.CompilerStageTests" time="20">
    <failure type="org.opentest4j.AssertionFailedError"><![CDATA[org.opentest4j.AssertionFailedError: Timeout for CodeGen for program crux/stages/codegen/test20.crx.
	at crux.CompilerStageTests.lambda$codegen$9(CompilerStageTests.java:295)
]]></failure>
  </testcase>
  <testcase name="codegen" classname="crux.CompilerStageTests" time="20.001">
    <failure type="org.opentest4j.AssertionFailedError"><![CDATA[org.opentest4j.AssertionFailedError: Timeout for CodeGen for program crux/stages/codegen/test21.crx.
	at crux.CompilerStageTests.lambda$codegen$9(CompilerStageTests.java:295)
]]></failure>
  </testcase>
  <testcase name="codegen" classname="crux.CompilerStageTests" time="20.001">
    <failure type="org.opentest4j.AssertionFailedError"><![CDATA[org.opentest4j.AssertionFailedError: Timeout for CodeGen for program crux/stages/codegen/test22.crx.
	at crux.CompilerStageTests.lambda$codegen$9(CompilerStageTests.java:295)
]]></failure>
  </testcase>
  <testcase name="codegen" classname="crux.CompilerStageTests" time="20.001">
    <failure type="org.opentest4j.AssertionFailedError"><![CDATA[org.opentest4j.AssertionFailedError: Timeout for CodeGen for program crux/stages/codegen/test23.crx.
	at crux.CompilerStageTests.lambda$codegen$9(CompilerStageTests.java:295)
]]></failure>
  </testcase>
  <testcase name="codegen" classname="crux.CompilerStageTests" time="20.001">
    <failure type="org.opentest4j.AssertionFailedError"><![CDATA[org.opentest4j.AssertionFailedError: Timeout for CodeGen for program crux/stages/codegen/test24.crx.
	at crux.CompilerStageTests.lambda$codegen$9(CompilerStageTests.java:295)
]]></failure>
  </testcase>
  <testcase name="codegen" classname="crux.CompilerStageTests" time="20.001">
    <failure type="org.opentest4j.AssertionFailedError"><![CDATA[org.opentest4j.AssertionFailedError: Timeout for CodeGen for program crux/stages/codegen/test25.crx.
	at crux.CompilerStageTests.lambda$codegen$9(CompilerStageTests.java:295)
]]></failure>
  </testcase>
  <testcase name="codegen" classname="crux.CompilerStageTests" time="20.001">
    <failure type="org.opentest4j.AssertionFailedError"><![CDATA[org.opentest4j.AssertionFailedError: Timeout for CodeGen for program crux/stages/codegen/test26.crx.
	at crux.CompilerStageTests.lambda$codegen$9(CompilerStageTests.java:295)
]]></failure>
  </testcase>
  <testcase name="codegen" classname="crux.CompilerStageTests" time="20.001">
    <failure type="org.opentest4j.AssertionFailedError"><![CDATA[org.opentest4j.AssertionFailedError: Timeout for CodeGen for program crux/stages/codegen/test27.crx.
	at crux.CompilerStageTests.lambda$codegen$9(CompilerStageTests.java:295)
]]></failure>
  </testcase>
  <testcase name="codegen" classname="crux.CompilerStageTests" time="20.001">
    <failure type="org.opentest4j.AssertionFailedError"><![CDATA[org.opentest4j.AssertionFailedError: Timeout for CodeGen for program crux/stages/codegen/test28.crx.
	at crux.CompilerStageTests.lambda$codegen$9(CompilerStageTests.java:295)
]]></failure>
  </testcase>
  <testcase name="codegen" classname="crux.CompilerStageTests" time="20.001">
    <failure type="org.opentest4j.AssertionFailedError"><![CDATA[org.opentest4j.AssertionFailedError: Timeout for CodeGen for program crux/stages/codegen/test29.crx.
	at crux.CompilerStageTests.lambda$codegen$9(CompilerStageTests.java:295)
]]></failure>
  </testcase>
  <testcase name="codegen" classname="crux.CompilerStageTests" time="20.001">
    <failure type="org.opentest4j.AssertionFailedError"><![CDATA[org.opentest4j.AssertionFailedError: Timeout for CodeGen for program crux/stages/codegen/test30.crx.
	at crux.CompilerStageTests.lambda$codegen$9(CompilerStageTests.java:295)
]]></failure>
  </testcase>
  <testcase name="codegen" classname="crux.CompilerStageTests" time="20.001">
    <failure type="org.opentest4j.AssertionFailedError"><![CDATA[org.opentest4j.AssertionFailedError: Timeout for CodeGen for program crux/stages/codegen/test31.crx.
	at crux.CompilerStageTests.lambda$codegen$9(CompilerStageTests.java:295)
]]></failure>
  </testcase>
  <testcase name="codegen" classname="crux.CompilerStageTests" time="20.016">
    <failure type="org.opentest4j.AssertionFailedError"><![CDATA[org.opentest4j.AssertionFailedError: Timeout for CodeGen for program crux/stages/codegen/test32.crx.
	at crux.CompilerStageTests.lambda$codegen$9(CompilerStageTests.java:295)
]]></failure>
  </testcase>
  <testcase name="codegen" classname="crux.CompilerStageTests" time="20.005">
    <failure type="org.opentest4j.AssertionFailedError"><![CDATA[org.opentest4j.AssertionFailedError: Timeout for CodeGen for program crux/stages/codegen/test33.crx.
	at crux.CompilerStageTests.lambda$codegen$9(CompilerStageTests.java:295)
]]></failure>
  </testcase>
  <testcase name="codegen" classname="crux.CompilerStageTests" time="20.007">
    <failure type="org.opentest4j.AssertionFailedError"><![CDATA[org.opentest4j.AssertionFailedError: Timeout for CodeGen for program crux/stages/codegen/test34.crx.
	at crux.CompilerStageTests.lambda$codegen$9(CompilerStageTests.java:295)
]]></failure>
  </testcase>
  <testcase name="codegen" classname="crux.CompilerStageTests" time="6.823">
    <error type="java.util.concurrent.ExecutionException"><![CDATA[java.util.concurrent.ExecutionException: java.lang.Error: Assembling and linking failed
	at crux.CompilerStageTests.lambda$codegen$9(CompilerStageTests.java:290)
Caused by: java.lang.Error: Assembling and linking failed
]]></error>
  </testcase>
  <testcase name="codegen" classname="crux.CompilerStageTests" time="20.002">
    <failure type="org.opentest4j.AssertionFailedError"><![CDATA[org.opentest4j.AssertionFailedError: Timeout for CodeGen for program crux/stages/codegen/test36.crx.
	at crux.CompilerStageTests.lambda$codegen$9(CompilerStageTests.java:295)
]]></failure>
  </testcase>
  <testcase name="codegen" classname="crux.CompilerStageTests" time="20.002">
    <failure type="org.opentest4j.AssertionFailedError"><![CDATA[org.opentest4j.AssertionFailedError: Timeout for CodeGen for program crux/stages/codegen/test37.crx.
	at crux.CompilerStageTests.lambda$codegen$9(CompilerStageTests.java:295)
]]></failure>
  </testcase>
  <testcase name="codegen" classname="crux.CompilerStageTests" time="20.001">
    <failure type="org.opentest4j.AssertionFailedError"><![CDATA[org.opentest4j.AssertionFailedError: Timeout for CodeGen for program crux/stages/codegen/test38.crx.
	at crux.CompilerStageTests.lambda$codegen$9(CompilerStageTests.java:295)
]]></failure>
  </testcase>
  <testcase name="codegen" classname="crux.CompilerStageTests" time="20.002">
    <failure type="org.opentest4j.AssertionFailedError"><![CDATA[org.opentest4j.AssertionFailedError: Timeout for CodeGen for program crux/stages/codegen/test39.crx.
	at crux.CompilerStageTests.lambda$codegen$9(CompilerStageTests.java:295)
]]></failure>
  </testcase>
  <testcase name="codegen" classname="crux.CompilerStageTests" time="20.001">
    <failure type="org.opentest4j.AssertionFailedError"><![CDATA[org.opentest4j.AssertionFailedError: Timeout for CodeGen for program crux/stages/codegen/test40.crx.
	at crux.CompilerStageTests.lambda$codegen$9(CompilerStageTests.java:295)
]]></failure>
  </testcase>
  <testcase name="codegen" classname="crux.CompilerStageTests" time="20.001">
    <failure type="org.opentest4j.AssertionFailedError"><![CDATA[org.opentest4j.AssertionFailedError: Timeout for CodeGen for program crux/stages/codegen/test41.crx.
	at crux.CompilerStageTests.lambda$codegen$9(CompilerStageTests.java:295)
]]></failure>
  </testcase>
  <testcase name="codegen" classname="crux.CompilerStageTests" time="20.002">
    <failure type="org.opentest4j.AssertionFailedError"><![CDATA[org.opentest4j.AssertionFailedError: Timeout for CodeGen for program crux/stages/codegen/test42.crx.
	at crux.CompilerStageTests.lambda$codegen$9(CompilerStageTests.java:295)
]]></failure>
  </testcase>
  <testcase name="codegen" classname="crux.CompilerStageTests" time="20.001">
    <failure type="org.opentest4j.AssertionFailedError"><![CDATA[org.opentest4j.AssertionFailedError: Timeout for CodeGen for program crux/stages/codegen/test43.crx.
	at crux.CompilerStageTests.lambda$codegen$9(CompilerStageTests.java:295)
]]></failure>
  </testcase>
  <testcase name="codegen" classname="crux.CompilerStageTests" time="20.001">
    <failure type="org.opentest4j.AssertionFailedError"><![CDATA[org.opentest4j.AssertionFailedError: Timeout for CodeGen for program crux/stages/codegen/test44.crx.
	at crux.CompilerStageTests.lambda$codegen$9(CompilerStageTests.java:295)
]]></failure>
  </testcase>
  <testcase name="codegen" classname="crux.CompilerStageTests" time="20.001">
    <failure type="org.opentest4j.AssertionFailedError"><![CDATA[org.opentest4j.AssertionFailedError: Timeout for CodeGen for program crux/stages/codegen/test45.crx.
	at crux.CompilerStageTests.lambda$codegen$9(CompilerStageTests.java:295)
]]></failure>
  </testcase>
  <testcase name="codegen" classname="crux.CompilerStageTests" time="20.001">
    <failure type="org.opentest4j.AssertionFailedError"><![CDATA[org.opentest4j.AssertionFailedError: Timeout for CodeGen for program crux/stages/codegen/test46.crx.
	at crux.CompilerStageTests.lambda$codegen$9(CompilerStageTests.java:295)
]]></failure>
  </testcase>
  <testcase name="codegen" classname="crux.CompilerStageTests" time="20.002">
    <failure type="org.opentest4j.AssertionFailedError"><![CDATA[org.opentest4j.AssertionFailedError: Timeout for CodeGen for program crux/stages/codegen/test47.crx.
	at crux.CompilerStageTests.lambda$codegen$9(CompilerStageTests.java:295)
]]></failure>
  </testcase>
  <testcase name="codegen" classname="crux.CompilerStageTests" time="20.001">
    <failure type="org.opentest4j.AssertionFailedError"><![CDATA[org.opentest4j.AssertionFailedError: Timeout for CodeGen for program crux/stages/codegen/test48.crx.
	at crux.CompilerStageTests.lambda$codegen$9(CompilerStageTests.java:295)
]]></failure>
  </testcase>
  <testcase name="codegen" classname="crux.CompilerStageTests" time="20.002">
    <failure type="org.opentest4j.AssertionFailedError"><![CDATA[org.opentest4j.AssertionFailedError: Timeout for CodeGen for program crux/stages/codegen/test49.crx.
	at crux.CompilerStageTests.lambda$codegen$9(CompilerStageTests.java:295)
]]></failure>
  </testcase>
  <testcase name="codegen" classname="crux.CompilerStageTests" time="20">
    <failure type="org.opentest4j.AssertionFailedError"><![CDATA[org.opentest4j.AssertionFailedError: Timeout for CodeGen for program crux/stages/codegen/test50.crx.
	at crux.CompilerStageTests.lambda$codegen$9(CompilerStageTests.java:295)
]]></failure>
  </testcase>
</testsuite>